<?xml version="1.0" encoding="UTF-8"?>
<!-- Generated by org.testng.reporters.JUnitReportReporter -->
<testsuite skipped="0" hostname="mbp-lucky" name="myprojects.automation.assignment3.tests.CreateCategoryTest" tests="1" failures="0" timestamp="18 Nov 2018 19:46:44 GMT" time="21.646" errors="0">
  <testcase name="test3" time="21.646" classname="myprojects.automation.assignment3.tests.CreateCategoryTest"/>
</testsuite> <!-- myprojects.automation.assignment3.tests.CreateCategoryTest -->
